2025-12-30 19:01:14,547 - backend.main - INFO - Path: /api/messages/unread/3S6DjSZkT0Rl28WwIt4itorDj5F2 Method: OPTIONS Status: 200 Duration: 0.0005s
2025-12-30 19:01:14,550 - backend.main - INFO - Path: /api/products/categories Method: OPTIONS Status: 200 Duration: 0.0031s
2025-12-30 19:01:14,557 - backend.main - INFO - Path: /api/products/conditions Method: OPTIONS Status: 200 Duration: 0.0054s
2025-12-30 19:01:14,560 - backend.main - INFO - Path: /api/products Method: OPTIONS Status: 200 Duration: 0.0115s
2025-12-30 19:01:14,562 - backend.main - INFO - Path: /api/messages/unread/3S6DjSZkT0Rl28WwIt4itorDj5F2 Method: OPTIONS Status: 200 Duration: 0.0095s
2025-12-30 19:01:14,563 - backend.main - INFO - Path: /api/products/categories Method: OPTIONS Status: 200 Duration: 0.0049s
2025-12-30 19:01:14,565 - backend.main - INFO - Path: /api/products/conditions Method: OPTIONS Status: 200 Duration: 0.0033s
2025-12-30 19:01:14,946 - backend.main - INFO - Path: /api/products Method: OPTIONS Status: 200 Duration: 0.3833s
2025-12-30 19:01:16,462 - backend.main - INFO - Path: /api/messages/unread/3S6DjSZkT0Rl28WwIt4itorDj5F2 Method: GET Status: 200 Duration: 1.8967s
2025-12-30 19:01:16,876 - backend.main - INFO - Path: /api/products/categories Method: GET Status: 200 Duration: 1.9304s
2025-12-30 19:01:18,327 - backend.main - INFO - Path: /api/products/conditions Method: GET Status: 200 Duration: 1.8649s
2025-12-30 19:01:18,771 - backend.main - INFO - Path: /api/messages/unread/3S6DjSZkT0Rl28WwIt4itorDj5F2 Method: GET Status: 200 Duration: 1.8954s
2025-12-30 19:01:20,179 - backend.main - INFO - Path: /api/products/categories Method: GET Status: 200 Duration: 1.8531s
2025-12-30 19:01:20,181 - backend.main - INFO - Path: /api/products/conditions Method: GET Status: 200 Duration: 1.4098s
2025-12-30 19:01:20,181 - backend.main - INFO - Path: /api/products Method: GET Status: 307 Duration: 0.0025s
2025-12-30 19:01:22,507 - backend.main - INFO - Path: /api/products Method: GET Status: 307 Duration: 2.3210s
2025-12-30 19:01:22,508 - backend.main - INFO - Path: /api/messages/unread/3S6DjSZkT0Rl28WwIt4itorDj5F2 Method: GET Status: 200 Duration: 2.3214s
2025-12-30 19:01:22,508 - backend.main - INFO - Path: /api/products/categories Method: GET Status: 200 Duration: 2.3216s
2025-12-30 19:01:22,508 - backend.main - INFO - Path: /api/products/conditions Method: GET Status: 200 Duration: 2.3216s
2025-12-30 19:01:22,509 - backend.main - INFO - Path: /api/products/ Method: OPTIONS Status: 200 Duration: 0.0023s
2025-12-30 19:01:22,511 - backend.main - INFO - Path: /api/offers/seller/3S6DjSZkT0Rl28WwIt4itorDj5F2/pending-count Method: OPTIONS Status: 200 Duration: 0.0021s
2025-12-30 19:01:26,525 - backend.main - INFO - Path: /api/products/ Method: OPTIONS Status: 200 Duration: 4.0127s
2025-12-30 19:01:26,525 - backend.main - INFO - Path: /api/products/ Method: GET Status: 200 Duration: 4.0134s
2025-12-30 19:01:27,396 - backend.main - INFO - Path: /api/offers/seller/3S6DjSZkT0Rl28WwIt4itorDj5F2/pending-count Method: GET Status: 200 Duration: 0.8704s
2025-12-30 19:01:32,056 - backend.main - INFO - Path: /api/offers/seller/3S6DjSZkT0Rl28WwIt4itorDj5F2/pending-count Method: GET Status: 200 Duration: 4.6563s
2025-12-30 19:01:32,056 - backend.main - INFO - Path: /api/products/ Method: GET Status: 200 Duration: 4.6564s
2025-12-30 19:05:29,381 - backend.main - INFO - Path: /api/products Method: GET Status: 405 Duration: 0.0006s
2025-12-30 19:05:42,573 - backend.main - INFO - Path: /api/products/ Method: GET Status: 200 Duration: 3.1730s
2025-12-30 19:06:08,945 - backend.main - INFO - Path: /api/products/ Method: GET Status: 200 Duration: 3.3114s
2025-12-30 19:06:20,771 - backend.main - INFO - Path: /api/messages/unread/3S6DjSZkT0Rl28WwIt4itorDj5F2 Method: GET Status: 200 Duration: 0.3551s
2025-12-30 19:06:20,771 - backend.main - INFO - Path: /api/products/C4QrJVjK4GhJXzkiRdr4 Method: OPTIONS Status: 200 Duration: 0.3553s
2025-12-30 19:06:20,772 - backend.main - INFO - Path: /api/products/C4QrJVjK4GhJXzkiRdr4 Method: OPTIONS Status: 200 Duration: 0.0015s
2025-12-30 19:06:26,907 - backend.main - INFO - Path: /api/messages/unread/3S6DjSZkT0Rl28WwIt4itorDj5F2 Method: GET Status: 200 Duration: 1.6849s
2025-12-30 19:06:26,908 - backend.main - INFO - Path: /api/offers/seller/3S6DjSZkT0Rl28WwIt4itorDj5F2/pending-count Method: GET Status: 200 Duration: 1.6853s
2025-12-30 19:06:31,889 - backend.main - INFO - Path: /api/offers/seller/3S6DjSZkT0Rl28WwIt4itorDj5F2/pending-count Method: GET Status: 200 Duration: 1.0854s
2025-12-30 19:06:52,433 - backend.routes.products - INFO - Product fetch time: 0.3164s
2025-12-30 19:06:53,898 - backend.routes.products - INFO - Seller batch fetch time: 1.4650s
2025-12-30 19:06:55,494 - backend.routes.products - INFO - Category/Condition fetch time: 1.5950s
2025-12-30 19:06:55,494 - backend.main - INFO - Path: /api/products/ Method: GET Status: 200 Duration: 3.3784s
2025-12-30 19:07:33,282 - backend.routes.products - INFO - Product fetch time: 1.2295s
2025-12-30 19:07:33,662 - backend.routes.products - INFO - Seller batch fetch time: 0.3799s
2025-12-30 19:07:35,228 - backend.routes.products - INFO - Category/Condition fetch time: 1.5660s
2025-12-30 19:07:35,229 - backend.main - INFO - Path: /api/products/ Method: GET Status: 200 Duration: 3.1767s
2025-12-30 19:08:21,058 - backend.routes.products - INFO - Product fetch time: 0.4353s
2025-12-30 19:08:22,396 - backend.routes.products - INFO - Seller batch fetch time: 1.3375s
2025-12-30 19:08:24,322 - backend.routes.products - INFO - Category/Condition fetch time: 1.9262s
2025-12-30 19:08:24,323 - backend.main - INFO - Path: /api/products/ Method: GET Status: 200 Duration: 3.7011s
2025-12-30 19:08:39,015 - backend.routes.products - INFO - Product fetch time: 0.4013s
2025-12-30 19:08:40,325 - backend.routes.products - INFO - Seller batch fetch time: 1.3098s
2025-12-30 19:08:40,325 - backend.routes.products - INFO - Category/Condition fetch time: 0.0000s
2025-12-30 19:08:40,326 - backend.main - INFO - Path: /api/products/ Method: GET Status: 200 Duration: 1.7127s
2025-12-30 19:09:42,030 - backend.main - INFO - Path: /api/messages/unread/3S6DjSZkT0Rl28WwIt4itorDj5F2 Method: GET Status: 200 Duration: 0.3821s
2025-12-30 19:09:42,030 - backend.main - INFO - Path: /api/products/C4QrJVjK4GhJXzkiRdr4 Method: OPTIONS Status: 200 Duration: 0.0007s
2025-12-30 19:09:42,031 - backend.main - INFO - Path: /api/products/C4QrJVjK4GhJXzkiRdr4 Method: OPTIONS Status: 200 Duration: 0.0009s
2025-12-30 19:09:47,461 - backend.main - INFO - Path: /api/messages/unread/3S6DjSZkT0Rl28WwIt4itorDj5F2 Method: GET Status: 200 Duration: 5.4291s
2025-12-30 19:09:48,876 - backend.main - INFO - Path: /api/offers/seller/3S6DjSZkT0Rl28WwIt4itorDj5F2/pending-count Method: GET Status: 200 Duration: 1.4472s
2025-12-30 19:10:07,201 - backend.main - INFO - Path: /api/offers/seller/3S6DjSZkT0Rl28WwIt4itorDj5F2/pending-count Method: GET Status: 200 Duration: 0.5235s
2025-12-30 19:11:08,531 - backend.main - INFO - Path: /api/messages/unread/gcKi5VOpD6cz8jSbNwMDKtuYcMf1 Method: OPTIONS Status: 200 Duration: 0.0003s
2025-12-30 19:11:08,532 - backend.main - INFO - Path: /api/messages/unread/gcKi5VOpD6cz8jSbNwMDKtuYcMf1 Method: OPTIONS Status: 200 Duration: 0.0005s
2025-12-30 19:11:08,916 - backend.main - INFO - Path: /api/messages/unread/gcKi5VOpD6cz8jSbNwMDKtuYcMf1 Method: GET Status: 200 Duration: 0.3837s
2025-12-30 19:11:10,313 - backend.main - INFO - Path: /api/messages/unread/gcKi5VOpD6cz8jSbNwMDKtuYcMf1 Method: GET Status: 200 Duration: 1.3904s
2025-12-30 19:11:10,314 - backend.main - INFO - Path: /api/messages/unread/gcKi5VOpD6cz8jSbNwMDKtuYcMf1 Method: OPTIONS Status: 200 Duration: 0.0027s
2025-12-30 19:11:10,315 - backend.main - INFO - Path: /api/messages/unread/gcKi5VOpD6cz8jSbNwMDKtuYcMf1 Method: OPTIONS Status: 200 Duration: 0.0028s
2025-12-30 19:11:10,316 - backend.main - INFO - Path: /api/messages/unread/gcKi5VOpD6cz8jSbNwMDKtuYcMf1 Method: OPTIONS Status: 200 Duration: 0.0022s
2025-12-30 19:11:10,317 - backend.main - INFO - Path: /api/messages/unread/gcKi5VOpD6cz8jSbNwMDKtuYcMf1 Method: OPTIONS Status: 200 Duration: 0.0025s
2025-12-30 19:11:10,317 - backend.main - INFO - Path: /api/messages/unread/gcKi5VOpD6cz8jSbNwMDKtuYcMf1 Method: OPTIONS Status: 200 Duration: 0.0019s
2025-12-30 19:11:10,318 - backend.main - INFO - Path: /api/messages/unread/gcKi5VOpD6cz8jSbNwMDKtuYcMf1 Method: OPTIONS Status: 200 Duration: 0.0016s
2025-12-30 19:11:10,324 - backend.main - INFO - Path: /api/messages/unread/gcKi5VOpD6cz8jSbNwMDKtuYcMf1 Method: OPTIONS Status: 200 Duration: 0.0010s
2025-12-30 19:11:10,324 - backend.main - INFO - Path: /api/messages/unread/gcKi5VOpD6cz8jSbNwMDKtuYcMf1 Method: OPTIONS Status: 200 Duration: 0.0015s
2025-12-30 19:11:10,325 - backend.main - INFO - Path: /api/messages/unread/gcKi5VOpD6cz8jSbNwMDKtuYcMf1 Method: OPTIONS Status: 200 Duration: 0.0017s
2025-12-30 19:11:10,325 - backend.main - INFO - Path: /api/messages/unread/gcKi5VOpD6cz8jSbNwMDKtuYcMf1 Method: OPTIONS Status: 200 Duration: 0.0018s
2025-12-30 19:11:10,757 - backend.main - INFO - Path: /api/messages/unread/gcKi5VOpD6cz8jSbNwMDKtuYcMf1 Method: GET Status: 200 Duration: 0.4244s
2025-12-30 19:11:12,126 - backend.main - INFO - Path: /api/messages/unread/gcKi5VOpD6cz8jSbNwMDKtuYcMf1 Method: GET Status: 200 Duration: 1.3564s
2025-12-30 19:11:12,127 - backend.main - INFO - Path: /api/messages/unread/gcKi5VOpD6cz8jSbNwMDKtuYcMf1 Method: OPTIONS Status: 200 Duration: 0.0013s
2025-12-30 19:11:12,130 - backend.main - INFO - Path: /api/messages/unread/gcKi5VOpD6cz8jSbNwMDKtuYcMf1 Method: OPTIONS Status: 200 Duration: 0.0042s
2025-12-30 19:11:12,605 - backend.main - INFO - Path: /api/messages/unread/gcKi5VOpD6cz8jSbNwMDKtuYcMf1 Method: GET Status: 200 Duration: 0.4705s
2025-12-30 19:11:13,918 - backend.main - INFO - Path: /api/messages/unread/gcKi5VOpD6cz8jSbNwMDKtuYcMf1 Method: GET Status: 200 Duration: 1.3101s
2025-12-30 19:11:18,179 - backend.main - INFO - Path: /api/products/featured Method: GET Status: 200 Duration: 3.6968s
2025-12-30 19:11:18,180 - backend.main - INFO - Path: /api/products/categories Method: GET Status: 200 Duration: 1.3545s
2025-12-30 19:11:20,346 - backend.main - INFO - Path: /api/products/featured Method: GET Status: 200 Duration: 2.1640s
2025-12-30 19:11:20,347 - backend.main - INFO - Path: /api/products/categories Method: GET Status: 200 Duration: 0.0013s
2025-12-30 19:11:45,590 - backend.main - INFO - Path: /api/auth/google-login Method: OPTIONS Status: 200 Duration: 0.0003s
2025-12-30 19:11:49,389 - backend.main - INFO - Path: /api/auth/google-login Method: POST Status: 200 Duration: 3.7980s
2025-12-30 19:11:49,401 - backend.main - INFO - Path: /api/messages/unread/h4Uylum9awcvzc3w0AX6dU3muEs1 Method: OPTIONS Status: 200 Duration: 0.0004s
2025-12-30 19:11:49,852 - backend.main - INFO - Path: /api/messages/unread/h4Uylum9awcvzc3w0AX6dU3muEs1 Method: GET Status: 200 Duration: 0.4495s
2025-12-30 19:11:49,854 - backend.main - INFO - Path: /api/products/featured Method: OPTIONS Status: 200 Duration: 0.0020s
2025-12-30 19:11:49,855 - backend.main - INFO - Path: /api/products/categories Method: OPTIONS Status: 200 Duration: 0.0018s
2025-12-30 19:11:49,855 - backend.main - INFO - Path: /api/products/featured Method: OPTIONS Status: 200 Duration: 0.0018s
2025-12-30 19:11:49,856 - backend.main - INFO - Path: /api/products/categories Method: OPTIONS Status: 200 Duration: 0.0016s
2025-12-30 19:11:53,648 - backend.main - INFO - Path: /api/products/featured Method: GET Status: 200 Duration: 3.7919s
2025-12-30 19:11:53,649 - backend.main - INFO - Path: /api/products/categories Method: GET Status: 200 Duration: 0.5274s
2025-12-30 19:11:53,649 - backend.main - INFO - Path: /api/offers/seller/h4Uylum9awcvzc3w0AX6dU3muEs1/pending-count Method: OPTIONS Status: 200 Duration: 0.0012s
2025-12-30 19:11:56,857 - backend.main - INFO - Path: /api/products/featured Method: GET Status: 200 Duration: 3.2069s
2025-12-30 19:11:57,279 - backend.main - INFO - Path: /api/offers/seller/h4Uylum9awcvzc3w0AX6dU3muEs1/pending-count Method: GET Status: 200 Duration: 0.4225s
2025-12-30 19:11:57,279 - backend.main - INFO - Path: /api/products/categories Method: GET Status: 200 Duration: 0.4228s
2025-12-30 19:11:57,280 - backend.main - INFO - Path: /api/products/seller/h4Uylum9awcvzc3w0AX6dU3muEs1 Method: OPTIONS Status: 200 Duration: 0.0017s
2025-12-30 19:11:57,281 - backend.main - INFO - Path: /api/orders/seller/h4Uylum9awcvzc3w0AX6dU3muEs1 Method: OPTIONS Status: 200 Duration: 0.0012s
2025-12-30 19:11:57,281 - backend.main - INFO - Path: /api/offers/seller/h4Uylum9awcvzc3w0AX6dU3muEs1/pending-count Method: OPTIONS Status: 200 Duration: 0.0011s
2025-12-30 19:11:57,282 - backend.main - INFO - Path: /api/products/seller/h4Uylum9awcvzc3w0AX6dU3muEs1 Method: OPTIONS Status: 200 Duration: 0.0012s
2025-12-30 19:11:57,282 - backend.main - INFO - Path: /api/orders/seller/h4Uylum9awcvzc3w0AX6dU3muEs1 Method: OPTIONS Status: 200 Duration: 0.0007s
2025-12-30 19:11:57,282 - backend.main - INFO - Path: /api/offers/seller/h4Uylum9awcvzc3w0AX6dU3muEs1/pending-count Method: OPTIONS Status: 200 Duration: 0.0005s
2025-12-30 19:11:59,126 - backend.main - INFO - Path: /api/products/seller/h4Uylum9awcvzc3w0AX6dU3muEs1 Method: GET Status: 200 Duration: 1.8438s
2025-12-30 19:12:00,453 - backend.main - INFO - Path: /api/orders/seller/h4Uylum9awcvzc3w0AX6dU3muEs1 Method: GET Status: 200 Duration: 1.7772s
2025-12-30 19:12:00,454 - backend.main - INFO - Path: /api/offers/seller/h4Uylum9awcvzc3w0AX6dU3muEs1/pending-count Method: GET Status: 200 Duration: 1.3278s
2025-12-30 19:12:00,454 - backend.main - INFO - Path: /api/products/seller/h4Uylum9awcvzc3w0AX6dU3muEs1 Method: OPTIONS Status: 200 Duration: 0.0016s
2025-12-30 19:12:00,455 - backend.main - INFO - Path: /api/orders/seller/h4Uylum9awcvzc3w0AX6dU3muEs1 Method: OPTIONS Status: 200 Duration: 0.0018s
2025-12-30 19:12:00,456 - backend.main - INFO - Path: /api/offers/seller/h4Uylum9awcvzc3w0AX6dU3muEs1/pending-count Method: OPTIONS Status: 200 Duration: 0.0001s
2025-12-30 19:12:02,762 - backend.main - INFO - Path: /api/products/seller/h4Uylum9awcvzc3w0AX6dU3muEs1 Method: GET Status: 200 Duration: 2.3044s
2025-12-30 19:12:02,763 - backend.main - INFO - Path: /api/orders/seller/h4Uylum9awcvzc3w0AX6dU3muEs1 Method: GET Status: 200 Duration: 2.3046s
2025-12-30 19:12:02,763 - backend.main - INFO - Path: /api/offers/seller/h4Uylum9awcvzc3w0AX6dU3muEs1/pending-count Method: GET Status: 200 Duration: 0.5331s
2025-12-30 19:12:06,023 - backend.main - INFO - Path: /api/products/seller/h4Uylum9awcvzc3w0AX6dU3muEs1 Method: GET Status: 200 Duration: 3.2572s
2025-12-30 19:12:06,023 - backend.main - INFO - Path: /api/orders/seller/h4Uylum9awcvzc3w0AX6dU3muEs1 Method: GET Status: 200 Duration: 3.2574s
2025-12-30 19:12:06,023 - backend.main - INFO - Path: /api/offers/seller/h4Uylum9awcvzc3w0AX6dU3muEs1/pending-count Method: GET Status: 200 Duration: 1.4345s
2025-12-30 19:13:05,598 - backend.main - INFO - Path: /api/products/categories Method: OPTIONS Status: 200 Duration: 0.0005s
2025-12-30 19:13:05,599 - backend.main - INFO - Path: /api/products/conditions Method: OPTIONS Status: 200 Duration: 0.0009s
2025-12-30 19:13:05,599 - backend.main - INFO - Path: /api/products/categories Method: OPTIONS Status: 200 Duration: 0.0012s
2025-12-30 19:13:05,600 - backend.main - INFO - Path: /api/products/conditions Method: OPTIONS Status: 200 Duration: 0.0011s
2025-12-30 19:13:06,000 - backend.main - INFO - Path: /api/products/categories Method: GET Status: 200 Duration: 0.3994s
2025-12-30 19:13:06,000 - backend.main - INFO - Path: /api/products/conditions Method: GET Status: 200 Duration: 0.3991s
2025-12-30 19:13:06,002 - backend.main - INFO - Path: /api/products/categories Method: GET Status: 200 Duration: 0.0007s
2025-12-30 19:13:06,003 - backend.main - INFO - Path: /api/products/conditions Method: GET Status: 200 Duration: 0.0009s
2025-12-30 19:13:38,536 - backend.main - INFO - Path: /api/products Method: OPTIONS Status: 200 Duration: 0.0004s
2025-12-30 19:13:38,539 - backend.main - INFO - Path: /api/products Method: POST Status: 405 Duration: 0.0007s
2025-12-30 19:14:12,616 - backend.main - INFO - Path: /api/products Method: OPTIONS Status: 200 Duration: 0.0003s
2025-12-30 19:14:12,618 - backend.main - INFO - Path: /api/products Method: POST Status: 405 Duration: 0.0003s
2025-12-30 19:15:11,263 - backend.main - INFO - Path: /api/products Method: GET Status: 200 Duration: 3.1758s
2025-12-30 19:15:13,384 - backend.main - INFO - Path: /api/products Method: OPTIONS Status: 200 Duration: 0.0003s
2025-12-30 19:15:17,220 - backend.routes.products - INFO - Product created: perfume 2 (ID: 3jBUYB6l3QxleFuyBz0a) by Seller: h4Uylum9awcvzc3w0AX6dU3muEs1
2025-12-30 19:15:17,222 - backend.main - INFO - Path: /api/products Method: POST Status: 200 Duration: 3.8362s
2025-12-30 19:15:20,458 - backend.main - INFO - Path: /api/products/seller/h4Uylum9awcvzc3w0AX6dU3muEs1 Method: OPTIONS Status: 200 Duration: 0.0005s
2025-12-30 19:15:20,458 - backend.main - INFO - Path: /api/products/seller/h4Uylum9awcvzc3w0AX6dU3muEs1 Method: OPTIONS Status: 200 Duration: 0.0008s
2025-12-30 19:15:22,427 - backend.main - INFO - Path: /api/products/seller/h4Uylum9awcvzc3w0AX6dU3muEs1 Method: GET Status: 200 Duration: 1.9638s
2025-12-30 19:15:25,240 - backend.main - INFO - Path: /api/products/seller/h4Uylum9awcvzc3w0AX6dU3muEs1 Method: GET Status: 200 Duration: 2.8094s
2025-12-30 19:16:22,373 - backend.main - INFO - Path: /api/messages/unread/3S6DjSZkT0Rl28WwIt4itorDj5F2 Method: OPTIONS Status: 200 Duration: 0.0004s
2025-12-30 19:16:22,376 - backend.main - INFO - Path: /api/products/categories Method: OPTIONS Status: 200 Duration: 0.0023s
2025-12-30 19:16:22,376 - backend.main - INFO - Path: /api/products/conditions Method: OPTIONS Status: 200 Duration: 0.0025s
2025-12-30 19:16:22,377 - backend.main - INFO - Path: /api/products Method: OPTIONS Status: 200 Duration: 0.0015s
2025-12-30 19:16:22,379 - backend.main - INFO - Path: /api/messages/unread/3S6DjSZkT0Rl28WwIt4itorDj5F2 Method: OPTIONS Status: 200 Duration: 0.0035s
2025-12-30 19:16:22,380 - backend.main - INFO - Path: /api/products/categories Method: OPTIONS Status: 200 Duration: 0.0041s
2025-12-30 19:16:22,382 - backend.main - INFO - Path: /api/products/conditions Method: OPTIONS Status: 200 Duration: 0.0044s
2025-12-30 19:16:22,721 - backend.main - INFO - Path: /api/products Method: OPTIONS Status: 200 Duration: 0.3406s
2025-12-30 19:16:22,722 - backend.main - INFO - Path: /api/messages/unread/3S6DjSZkT0Rl28WwIt4itorDj5F2 Method: GET Status: 200 Duration: 0.3405s
2025-12-30 19:16:22,723 - backend.main - INFO - Path: /api/products/categories Method: GET Status: 200 Duration: 0.0013s
2025-12-30 19:16:24,748 - backend.main - INFO - Path: /api/products/conditions Method: GET Status: 200 Duration: 2.0253s
2025-12-30 19:16:24,748 - backend.main - INFO - Path: /api/products Method: GET Status: 200 Duration: 2.0256s
2025-12-30 19:16:26,123 - backend.main - INFO - Path: /api/messages/unread/3S6DjSZkT0Rl28WwIt4itorDj5F2 Method: GET Status: 200 Duration: 1.3760s
2025-12-30 19:16:26,124 - backend.main - INFO - Path: /api/products/categories Method: GET Status: 200 Duration: 0.0018s
2025-12-30 19:16:26,125 - backend.main - INFO - Path: /api/offers/seller/3S6DjSZkT0Rl28WwIt4itorDj5F2/pending-count Method: OPTIONS Status: 200 Duration: 0.0019s
2025-12-30 19:16:26,125 - backend.main - INFO - Path: /api/products/conditions Method: GET Status: 200 Duration: 0.0011s
2025-12-30 19:16:27,720 - backend.main - INFO - Path: /api/products Method: GET Status: 200 Duration: 1.5948s
2025-12-30 19:16:28,068 - backend.main - INFO - Path: /api/offers/seller/3S6DjSZkT0Rl28WwIt4itorDj5F2/pending-count Method: GET Status: 200 Duration: 0.3486s
2025-12-30 19:16:28,068 - backend.main - INFO - Path: /api/offers/seller/3S6DjSZkT0Rl28WwIt4itorDj5F2/pending-count Method: OPTIONS Status: 200 Duration: 0.3486s
2025-12-30 19:16:29,319 - backend.main - INFO - Path: /api/offers/seller/3S6DjSZkT0Rl28WwIt4itorDj5F2/pending-count Method: GET Status: 200 Duration: 1.2491s
2025-12-30 19:16:41,865 - backend.main - INFO - Path: /api/products Method: OPTIONS Status: 200 Duration: 0.0008s
2025-12-30 19:16:43,496 - backend.main - INFO - Path: /api/products Method: GET Status: 200 Duration: 1.6280s
2025-12-30 19:16:43,499 - backend.main - INFO - Path: /api/messages/unread/3S6DjSZkT0Rl28WwIt4itorDj5F2 Method: OPTIONS Status: 200 Duration: 0.0028s
2025-12-30 19:16:43,500 - backend.main - INFO - Path: /api/messages/unread/h4Uylum9awcvzc3w0AX6dU3muEs1 Method: OPTIONS Status: 200 Duration: 0.0037s
2025-12-30 19:16:43,503 - backend.main - INFO - Path: /api/products/seller/h4Uylum9awcvzc3w0AX6dU3muEs1 Method: OPTIONS Status: 200 Duration: 0.0051s
2025-12-30 19:16:43,504 - backend.main - INFO - Path: /api/messages/unread/h4Uylum9awcvzc3w0AX6dU3muEs1 Method: OPTIONS Status: 200 Duration: 0.0054s
2025-12-30 19:16:43,505 - backend.main - INFO - Path: /api/products/seller/h4Uylum9awcvzc3w0AX6dU3muEs1 Method: OPTIONS Status: 200 Duration: 0.0047s
2025-12-30 19:16:43,506 - backend.main - INFO - Path: /api/products/categories Method: OPTIONS Status: 200 Duration: 0.0025s
2025-12-30 19:16:43,507 - backend.main - INFO - Path: /api/products/categories Method: OPTIONS Status: 200 Duration: 0.0029s
2025-12-30 19:16:43,508 - backend.main - INFO - Path: /api/products/conditions Method: OPTIONS Status: 200 Duration: 0.0035s
2025-12-30 19:16:43,510 - backend.main - INFO - Path: /api/products/conditions Method: OPTIONS Status: 200 Duration: 0.0040s
2025-12-30 19:16:43,511 - backend.main - INFO - Path: /api/products Method: OPTIONS Status: 200 Duration: 0.0050s
2025-12-30 19:16:46,791 - backend.main - INFO - Path: /api/messages/unread/3S6DjSZkT0Rl28WwIt4itorDj5F2 Method: OPTIONS Status: 200 Duration: 3.2834s
2025-12-30 19:16:46,792 - backend.main - INFO - Path: /api/messages/unread/h4Uylum9awcvzc3w0AX6dU3muEs1 Method: GET Status: 200 Duration: 3.2835s
2025-12-30 19:16:46,792 - backend.main - INFO - Path: /api/products/seller/h4Uylum9awcvzc3w0AX6dU3muEs1 Method: GET Status: 200 Duration: 3.2835s
2025-12-30 19:16:47,117 - backend.main - INFO - Path: /api/products Method: OPTIONS Status: 200 Duration: 0.3245s
2025-12-30 19:16:47,118 - backend.main - INFO - Path: /api/messages/unread/3S6DjSZkT0Rl28WwIt4itorDj5F2 Method: GET Status: 200 Duration: 0.3247s
2025-12-30 19:16:47,118 - backend.main - INFO - Path: /api/products/categories Method: GET Status: 200 Duration: 0.0019s
2025-12-30 19:16:47,120 - backend.main - INFO - Path: /api/messages/unread/3S6DjSZkT0Rl28WwIt4itorDj5F2 Method: OPTIONS Status: 200 Duration: 0.0022s
2025-12-30 19:16:47,121 - backend.main - INFO - Path: /api/products/categories Method: OPTIONS Status: 200 Duration: 0.0040s
2025-12-30 19:16:47,122 - backend.main - INFO - Path: /api/products/conditions Method: OPTIONS Status: 200 Duration: 0.0040s
2025-12-30 19:16:50,418 - backend.main - INFO - Path: /api/messages/unread/h4Uylum9awcvzc3w0AX6dU3muEs1 Method: GET Status: 200 Duration: 3.2963s
2025-12-30 19:16:50,419 - backend.main - INFO - Path: /api/products/seller/h4Uylum9awcvzc3w0AX6dU3muEs1 Method: GET Status: 200 Duration: 3.2965s
2025-12-30 19:16:50,419 - backend.main - INFO - Path: /api/offers/seller/h4Uylum9awcvzc3w0AX6dU3muEs1/pending-count Method: OPTIONS Status: 200 Duration: 3.2965s
2025-12-30 19:16:50,420 - backend.main - INFO - Path: /api/messages/unread/3S6DjSZkT0Rl28WwIt4itorDj5F2 Method: OPTIONS Status: 200 Duration: 0.0026s
2025-12-30 19:16:50,420 - backend.main - INFO - Path: /api/products/categories Method: OPTIONS Status: 200 Duration: 0.0028s
2025-12-30 19:16:50,421 - backend.main - INFO - Path: /api/products/conditions Method: OPTIONS Status: 200 Duration: 0.0028s
2025-12-30 19:16:53,512 - backend.main - INFO - Path: /api/products/conditions Method: GET Status: 200 Duration: 3.0886s
2025-12-30 19:16:53,514 - backend.main - INFO - Path: /api/products Method: GET Status: 200 Duration: 3.0895s
2025-12-30 19:16:53,514 - backend.main - INFO - Path: /api/messages/unread/3S6DjSZkT0Rl28WwIt4itorDj5F2 Method: GET Status: 200 Duration: 3.0897s
2025-12-30 19:16:53,862 - backend.main - INFO - Path: /api/products/categories Method: GET Status: 200 Duration: 0.3489s
2025-12-30 19:16:53,862 - backend.main - INFO - Path: /api/offers/seller/3S6DjSZkT0Rl28WwIt4itorDj5F2/pending-count Method: OPTIONS Status: 200 Duration: 0.3487s
2025-12-30 19:16:53,862 - backend.main - INFO - Path: /api/offers/seller/h4Uylum9awcvzc3w0AX6dU3muEs1/pending-count Method: GET Status: 200 Duration: 0.3488s
2025-12-30 19:16:53,862 - backend.main - INFO - Path: /api/offers/seller/h4Uylum9awcvzc3w0AX6dU3muEs1/pending-count Method: OPTIONS Status: 200 Duration: 0.3488s
2025-12-30 19:16:55,147 - backend.main - INFO - Path: /api/offers/seller/3S6DjSZkT0Rl28WwIt4itorDj5F2/pending-count Method: GET Status: 200 Duration: 1.2794s
2025-12-30 19:16:58,313 - backend.main - INFO - Path: /api/products/conditions Method: GET Status: 200 Duration: 3.1670s
2025-12-30 19:16:58,313 - backend.main - INFO - Path: /api/messages/unread/3S6DjSZkT0Rl28WwIt4itorDj5F2 Method: GET Status: 200 Duration: 3.1670s
2025-12-30 19:16:58,313 - backend.main - INFO - Path: /api/products/categories Method: GET Status: 200 Duration: 3.1671s
2025-12-30 19:16:58,313 - backend.main - INFO - Path: /api/offers/seller/h4Uylum9awcvzc3w0AX6dU3muEs1/pending-count Method: GET Status: 200 Duration: 3.1672s
2025-12-30 19:16:58,314 - backend.main - INFO - Path: /api/products Method: GET Status: 200 Duration: 3.1672s
2025-12-30 19:16:58,314 - backend.main - INFO - Path: /api/offers/seller/3S6DjSZkT0Rl28WwIt4itorDj5F2/pending-count Method: OPTIONS Status: 200 Duration: 3.1673s
2025-12-30 19:16:59,912 - backend.main - INFO - Path: /api/messages/unread/3S6DjSZkT0Rl28WwIt4itorDj5F2 Method: GET Status: 200 Duration: 1.5898s
2025-12-30 19:16:59,912 - backend.main - INFO - Path: /api/products/categories Method: GET Status: 200 Duration: 1.5901s
2025-12-30 19:16:59,913 - backend.main - INFO - Path: /api/products/conditions Method: GET Status: 200 Duration: 1.2676s
2025-12-30 19:16:59,913 - backend.main - INFO - Path: /api/offers/seller/3S6DjSZkT0Rl28WwIt4itorDj5F2/pending-count Method: GET Status: 200 Duration: 1.2677s
2025-12-30 19:16:59,913 - backend.main - INFO - Path: /api/offers/seller/3S6DjSZkT0Rl28WwIt4itorDj5F2/pending-count Method: OPTIONS Status: 200 Duration: 0.0016s
2025-12-30 19:17:00,252 - backend.main - INFO - Path: /api/products/conditions Method: GET Status: 200 Duration: 0.3277s
2025-12-30 19:17:00,253 - backend.main - INFO - Path: /api/offers/seller/3S6DjSZkT0Rl28WwIt4itorDj5F2/pending-count Method: GET Status: 200 Duration: 0.3282s
2025-12-30 19:17:00,254 - backend.main - INFO - Path: /api/offers/seller/3S6DjSZkT0Rl28WwIt4itorDj5F2/pending-count Method: OPTIONS Status: 200 Duration: 0.0027s
2025-12-30 19:17:00,256 - backend.main - INFO - Path: /api/products/C4QrJVjK4GhJXzkiRdr4 Method: OPTIONS Status: 200 Duration: 0.0033s
2025-12-30 19:17:01,529 - backend.main - INFO - Path: /api/offers/seller/3S6DjSZkT0Rl28WwIt4itorDj5F2/pending-count Method: GET Status: 200 Duration: 1.2709s
2025-12-30 19:17:01,529 - backend.main - INFO - Path: /api/products/C4QrJVjK4GhJXzkiRdr4 Method: OPTIONS Status: 200 Duration: 1.2713s
2025-12-30 19:17:12,995 - backend.main - INFO - Path: /api/offers/seller/h4Uylum9awcvzc3w0AX6dU3muEs1 Method: OPTIONS Status: 200 Duration: 0.0003s
2025-12-30 19:17:12,995 - backend.main - INFO - Path: /api/offers/seller/h4Uylum9awcvzc3w0AX6dU3muEs1 Method: OPTIONS Status: 200 Duration: 0.0005s
2025-12-30 19:17:13,322 - backend.main - INFO - Path: /api/offers/seller/h4Uylum9awcvzc3w0AX6dU3muEs1 Method: GET Status: 200 Duration: 0.3262s
2025-12-30 19:17:14,597 - backend.main - INFO - Path: /api/offers/seller/h4Uylum9awcvzc3w0AX6dU3muEs1 Method: GET Status: 200 Duration: 1.2674s
2025-12-30 19:17:15,245 - backend.main - INFO - Path: /api/orders/seller/h4Uylum9awcvzc3w0AX6dU3muEs1 Method: OPTIONS Status: 200 Duration: 0.0009s
2025-12-30 19:17:15,245 - backend.main - INFO - Path: /api/orders/seller/h4Uylum9awcvzc3w0AX6dU3muEs1 Method: OPTIONS Status: 200 Duration: 0.0013s
2025-12-30 19:17:16,945 - backend.main - INFO - Path: /api/orders/seller/h4Uylum9awcvzc3w0AX6dU3muEs1 Method: GET Status: 200 Duration: 1.6972s
2025-12-30 19:17:18,528 - backend.main - INFO - Path: /api/orders/seller/h4Uylum9awcvzc3w0AX6dU3muEs1 Method: GET Status: 200 Duration: 1.5825s
2025-12-30 19:17:18,529 - backend.main - INFO - Path: /api/products/seller/h4Uylum9awcvzc3w0AX6dU3muEs1 Method: OPTIONS Status: 200 Duration: 0.0007s
2025-12-30 19:17:18,529 - backend.main - INFO - Path: /api/products/seller/h4Uylum9awcvzc3w0AX6dU3muEs1 Method: OPTIONS Status: 200 Duration: 0.0008s
2025-12-30 19:17:20,589 - backend.main - INFO - Path: /api/products/seller/h4Uylum9awcvzc3w0AX6dU3muEs1 Method: GET Status: 200 Duration: 2.0562s
2025-12-30 19:17:23,434 - backend.main - INFO - Path: /api/products/seller/h4Uylum9awcvzc3w0AX6dU3muEs1 Method: GET Status: 200 Duration: 2.8399s
2025-12-30 19:17:31,995 - backend.main - INFO - Path: /api/products/featured Method: GET Status: 200 Duration: 3.1999s
2025-12-30 19:17:31,995 - backend.main - INFO - Path: /api/products/categories Method: GET Status: 200 Duration: 0.0025s
2025-12-30 19:17:35,320 - backend.main - INFO - Path: /api/products/featured Method: GET Status: 200 Duration: 3.3221s
2025-12-30 19:17:35,320 - backend.main - INFO - Path: /api/products/categories Method: GET Status: 200 Duration: 0.0010s
2025-12-30 19:17:47,028 - backend.main - INFO - Path: /api/auth/google-login Method: OPTIONS Status: 200 Duration: 0.0003s
2025-12-30 19:17:50,620 - backend.main - INFO - Path: /api/auth/google-login Method: POST Status: 200 Duration: 3.5894s
2025-12-30 19:17:52,190 - backend.main - INFO - Path: /api/products Method: GET Status: 200 Duration: 1.5699s
2025-12-30 19:17:52,204 - backend.main - INFO - Path: /api/cart/wo2JWcMCD2hy7MC93GLrgbk9hgB3 Method: OPTIONS Status: 200 Duration: 0.0003s
2025-12-30 19:17:52,206 - backend.main - INFO - Path: /api/products/featured Method: OPTIONS Status: 200 Duration: 0.0004s
2025-12-30 19:17:52,206 - backend.main - INFO - Path: /api/products/categories Method: OPTIONS Status: 200 Duration: 0.0007s
2025-12-30 19:17:52,574 - backend.main - INFO - Path: /api/cart/wo2JWcMCD2hy7MC93GLrgbk9hgB3 Method: GET Status: 200 Duration: 0.3671s
2025-12-30 19:17:52,575 - backend.main - INFO - Path: /api/products/featured Method: OPTIONS Status: 200 Duration: 0.0020s
2025-12-30 19:17:53,982 - backend.main - INFO - Path: /api/products/categories Method: OPTIONS Status: 200 Duration: 1.4083s
2025-12-30 19:17:53,983 - backend.main - INFO - Path: /api/products/featured Method: GET Status: 200 Duration: 1.4082s
2025-12-30 19:17:53,984 - backend.main - INFO - Path: /api/products/categories Method: GET Status: 200 Duration: 0.0012s
2025-12-30 19:17:55,360 - backend.main - INFO - Path: /api/products/featured Method: GET Status: 200 Duration: 1.3733s
2025-12-30 19:17:55,361 - backend.main - INFO - Path: /api/products/categories Method: GET Status: 200 Duration: 0.0015s
2025-12-30 19:17:55,361 - backend.main - INFO - Path: /api/messages/unread/wo2JWcMCD2hy7MC93GLrgbk9hgB3 Method: OPTIONS Status: 200 Duration: 0.0014s
2025-12-30 19:17:55,694 - backend.main - INFO - Path: /api/messages/unread/wo2JWcMCD2hy7MC93GLrgbk9hgB3 Method: GET Status: 200 Duration: 0.3317s
2025-12-30 19:17:58,712 - backend.main - INFO - Path: /api/products/categories Method: OPTIONS Status: 200 Duration: 0.0019s
2025-12-30 19:17:58,713 - backend.main - INFO - Path: /api/products/conditions Method: OPTIONS Status: 200 Duration: 0.0024s
2025-12-30 19:17:58,713 - backend.main - INFO - Path: /api/products Method: OPTIONS Status: 200 Duration: 0.0023s
2025-12-30 19:17:58,714 - backend.main - INFO - Path: /api/products/categories Method: OPTIONS Status: 200 Duration: 0.0022s
2025-12-30 19:17:58,714 - backend.main - INFO - Path: /api/products/conditions Method: OPTIONS Status: 200 Duration: 0.0023s
2025-12-30 19:17:58,715 - backend.main - INFO - Path: /api/products Method: OPTIONS Status: 200 Duration: 0.0019s
2025-12-30 19:17:58,716 - backend.main - INFO - Path: /api/products/categories Method: GET Status: 200 Duration: 0.0008s
2025-12-30 19:17:59,377 - backend.main - INFO - Path: /api/products/conditions Method: GET Status: 200 Duration: 0.6614s
2025-12-30 19:17:59,378 - backend.main - INFO - Path: /api/products Method: GET Status: 200 Duration: 0.6615s
2025-12-30 19:17:59,379 - backend.main - INFO - Path: /api/products/conditions Method: GET Status: 200 Duration: 0.0004s
2025-12-30 19:18:00,110 - backend.main - INFO - Path: /api/products/categories Method: GET Status: 200 Duration: 0.7315s
2025-12-30 19:18:00,111 - backend.main - INFO - Path: /api/products Method: GET Status: 200 Duration: 0.7318s
2025-12-30 19:18:01,027 - backend.main - INFO - Path: /api/products/seller/h4Uylum9awcvzc3w0AX6dU3muEs1 Method: OPTIONS Status: 200 Duration: 0.0003s
2025-12-30 19:18:02,830 - backend.main - INFO - Path: /api/products/seller/h4Uylum9awcvzc3w0AX6dU3muEs1 Method: GET Status: 200 Duration: 1.7986s
2025-12-30 19:18:02,831 - backend.main - INFO - Path: /api/products/C4QrJVjK4GhJXzkiRdr4 Method: OPTIONS Status: 200 Duration: 0.0009s
2025-12-30 19:18:02,831 - backend.main - INFO - Path: /api/products/C4QrJVjK4GhJXzkiRdr4 Method: OPTIONS Status: 200 Duration: 0.0010s
2025-12-30 19:18:02,831 - backend.main - INFO - Path: /api/products/seller/h4Uylum9awcvzc3w0AX6dU3muEs1 Method: OPTIONS Status: 200 Duration: 0.0013s
2025-12-30 19:18:05,589 - backend.main - INFO - Path: /api/products/seller/h4Uylum9awcvzc3w0AX6dU3muEs1 Method: GET Status: 200 Duration: 0.9601s
2025-12-30 19:18:05,589 - backend.main - INFO - Path: /api/products/seller/h4Uylum9awcvzc3w0AX6dU3muEs1 Method: OPTIONS Status: 200 Duration: 0.9603s
2025-12-30 19:18:08,138 - backend.main - INFO - Path: /api/products/seller/h4Uylum9awcvzc3w0AX6dU3muEs1 Method: GET Status: 200 Duration: 0.9715s
2025-12-30 19:19:57,314 - backend.main - INFO - Path: /api/products/categories Method: OPTIONS Status: 200 Duration: 0.0012s
2025-12-30 19:19:57,315 - backend.main - INFO - Path: /api/products/conditions Method: OPTIONS Status: 200 Duration: 0.0019s
2025-12-30 19:19:57,316 - backend.main - INFO - Path: /api/products/categories Method: OPTIONS Status: 200 Duration: 0.0027s
2025-12-30 19:19:57,317 - backend.main - INFO - Path: /api/products/conditions Method: OPTIONS Status: 200 Duration: 0.0021s
2025-12-30 19:19:57,318 - backend.main - INFO - Path: /api/products/conditions Method: GET Status: 200 Duration: 0.0011s
2025-12-30 19:19:57,318 - backend.main - INFO - Path: /api/products/categories Method: GET Status: 200 Duration: 0.0012s
2025-12-30 19:19:57,321 - backend.main - INFO - Path: /api/products/categories Method: GET Status: 200 Duration: 0.0012s
2025-12-30 19:19:57,322 - backend.main - INFO - Path: /api/products/conditions Method: GET Status: 200 Duration: 0.0008s
2025-12-30 19:20:32,558 - backend.main - INFO - Path: /api/products Method: OPTIONS Status: 200 Duration: 0.0007s
2025-12-30 19:20:37,786 - backend.routes.products - INFO - Product created: perfume 3 (ID: rSrZpQQeXEeMoyzn2Vif) by Seller: h4Uylum9awcvzc3w0AX6dU3muEs1
2025-12-30 19:20:37,788 - backend.main - INFO - Path: /api/products Method: POST Status: 200 Duration: 5.2261s
2025-12-30 19:20:37,819 - backend.main - INFO - Path: /api/products/seller/h4Uylum9awcvzc3w0AX6dU3muEs1 Method: OPTIONS Status: 200 Duration: 0.0010s
2025-12-30 19:20:37,821 - backend.main - INFO - Path: /api/products/seller/h4Uylum9awcvzc3w0AX6dU3muEs1 Method: OPTIONS Status: 200 Duration: 0.0017s
2025-12-30 19:20:39,850 - backend.main - INFO - Path: /api/products/seller/h4Uylum9awcvzc3w0AX6dU3muEs1 Method: GET Status: 200 Duration: 2.0286s
2025-12-30 19:20:41,487 - backend.main - INFO - Path: /api/products/seller/h4Uylum9awcvzc3w0AX6dU3muEs1 Method: GET Status: 200 Duration: 1.6347s
2025-12-30 19:21:57,128 - backend.main - INFO - Path: /api/cart/wo2JWcMCD2hy7MC93GLrgbk9hgB3 Method: OPTIONS Status: 200 Duration: 0.0109s
2025-12-30 19:21:57,139 - backend.main - INFO - Path: /api/products/C4QrJVjK4GhJXzkiRdr4 Method: OPTIONS Status: 200 Duration: 0.0222s
2025-12-30 19:21:57,143 - backend.main - INFO - Path: /api/cart/wo2JWcMCD2hy7MC93GLrgbk9hgB3 Method: OPTIONS Status: 200 Duration: 0.0185s
2025-12-30 19:21:57,143 - backend.main - INFO - Path: /api/products/C4QrJVjK4GhJXzkiRdr4 Method: OPTIONS Status: 200 Duration: 0.0043s
2025-12-30 19:21:57,590 - backend.main - INFO - Path: /api/cart/wo2JWcMCD2hy7MC93GLrgbk9hgB3 Method: GET Status: 200 Duration: 0.4470s
2025-12-30 19:22:01,998 - backend.main - INFO - Path: /api/products/C4QrJVjK4GhJXzkiRdr4 Method: GET Status: 200 Duration: 4.4082s
2025-12-30 19:22:05,266 - backend.main - INFO - Path: /api/cart/wo2JWcMCD2hy7MC93GLrgbk9hgB3 Method: GET Status: 200 Duration: 3.2655s
2025-12-30 19:22:05,267 - backend.main - INFO - Path: /api/products/C4QrJVjK4GhJXzkiRdr4 Method: GET Status: 200 Duration: 2.6777s
2025-12-30 19:22:05,267 - backend.main - INFO - Path: /api/messages/unread/wo2JWcMCD2hy7MC93GLrgbk9hgB3 Method: OPTIONS Status: 200 Duration: 0.0025s
2025-12-30 19:22:05,604 - backend.main - INFO - Path: /api/messages/unread/wo2JWcMCD2hy7MC93GLrgbk9hgB3 Method: GET Status: 200 Duration: 0.3287s
2025-12-30 19:22:05,606 - backend.main - INFO - Path: /api/messages/unread/wo2JWcMCD2hy7MC93GLrgbk9hgB3 Method: OPTIONS Status: 200 Duration: 0.3302s
2025-12-30 19:22:05,945 - backend.main - INFO - Path: /api/messages/unread/wo2JWcMCD2hy7MC93GLrgbk9hgB3 Method: GET Status: 200 Duration: 0.3338s
2025-12-30 19:22:06,973 - backend.main - INFO - Path: /api/messages/conversations/wo2JWcMCD2hy7MC93GLrgbk9hgB3 Method: OPTIONS Status: 200 Duration: 0.0007s
2025-12-30 19:22:06,974 - backend.main - INFO - Path: /api/messages/conversations/wo2JWcMCD2hy7MC93GLrgbk9hgB3 Method: OPTIONS Status: 200 Duration: 0.0011s
2025-12-30 19:22:07,989 - backend.main - INFO - Path: /api/messages/conversations/wo2JWcMCD2hy7MC93GLrgbk9hgB3 Method: GET Status: 200 Duration: 1.0142s
2025-12-30 19:22:08,682 - backend.main - INFO - Path: /api/messages/conversations/wo2JWcMCD2hy7MC93GLrgbk9hgB3 Method: GET Status: 200 Duration: 0.6898s
2025-12-30 19:22:15,990 - backend.main - INFO - Path: /api/products/C4QrJVjK4GhJXzkiRdr4 Method: OPTIONS Status: 200 Duration: 0.0007s
2025-12-30 19:22:15,991 - backend.main - INFO - Path: /api/products/C4QrJVjK4GhJXzkiRdr4 Method: OPTIONS Status: 200 Duration: 0.0011s
2025-12-30 19:22:18,116 - backend.main - INFO - Path: /api/products/C4QrJVjK4GhJXzkiRdr4 Method: GET Status: 200 Duration: 2.1237s
2025-12-30 19:22:20,580 - backend.main - INFO - Path: /api/products/C4QrJVjK4GhJXzkiRdr4 Method: GET Status: 200 Duration: 2.4607s
2025-12-30 19:22:20,581 - backend.main - INFO - Path: /api/cart/add Method: OPTIONS Status: 200 Duration: 0.0016s
2025-12-30 19:22:21,872 - backend.routes.cart - INFO - Item added to cart: Product C4QrJVjK4GhJXzkiRdr4 (Qty: 1) for User wo2JWcMCD2hy7MC93GLrgbk9hgB3
2025-12-30 19:22:21,873 - backend.main - INFO - Path: /api/cart/add Method: POST Status: 200 Duration: 1.2901s
2025-12-30 19:22:21,873 - backend.main - INFO - Path: /api/cart/add Method: OPTIONS Status: 200 Duration: 0.0007s
2025-12-30 19:22:23,061 - backend.routes.cart - INFO - Item added to cart: Product C4QrJVjK4GhJXzkiRdr4 (Qty: 1) for User wo2JWcMCD2hy7MC93GLrgbk9hgB3
2025-12-30 19:22:23,062 - backend.main - INFO - Path: /api/cart/add Method: POST Status: 200 Duration: 1.1875s
2025-12-30 19:22:27,029 - backend.main - INFO - Path: /api/cart/wo2JWcMCD2hy7MC93GLrgbk9hgB3 Method: OPTIONS Status: 200 Duration: 0.0007s
2025-12-30 19:22:27,030 - backend.main - INFO - Path: /api/cart/wo2JWcMCD2hy7MC93GLrgbk9hgB3 Method: OPTIONS Status: 200 Duration: 0.0014s
2025-12-30 19:22:27,990 - backend.main - INFO - Path: /api/cart/wo2JWcMCD2hy7MC93GLrgbk9hgB3 Method: GET Status: 200 Duration: 0.9586s
2025-12-30 19:22:29,248 - backend.main - INFO - Path: /api/cart/wo2JWcMCD2hy7MC93GLrgbk9hgB3 Method: GET Status: 200 Duration: 1.2559s
2025-12-30 19:22:29,938 - backend.main - INFO - Path: /api/cart/wo2JWcMCD2hy7MC93GLrgbk9hgB3 Method: OPTIONS Status: 200 Duration: 0.0008s
2025-12-30 19:22:29,939 - backend.main - INFO - Path: /api/cart/wo2JWcMCD2hy7MC93GLrgbk9hgB3 Method: OPTIONS Status: 200 Duration: 0.0016s
2025-12-30 19:22:31,045 - backend.main - INFO - Path: /api/cart/wo2JWcMCD2hy7MC93GLrgbk9hgB3 Method: GET Status: 200 Duration: 1.1048s
2025-12-30 19:22:32,210 - backend.main - INFO - Path: /api/cart/wo2JWcMCD2hy7MC93GLrgbk9hgB3 Method: GET Status: 200 Duration: 1.1632s
2025-12-30 19:22:43,371 - backend.main - INFO - Path: /api/products/featured Method: OPTIONS Status: 200 Duration: 0.0009s
2025-12-30 19:22:43,373 - backend.main - INFO - Path: /api/products/categories Method: OPTIONS Status: 200 Duration: 0.0023s
2025-12-30 19:22:43,373 - backend.main - INFO - Path: /api/products/featured Method: OPTIONS Status: 200 Duration: 0.0026s
2025-12-30 19:22:43,374 - backend.main - INFO - Path: /api/products/categories Method: OPTIONS Status: 200 Duration: 0.0015s
2025-12-30 19:22:45,626 - backend.main - INFO - Path: /api/products/featured Method: GET Status: 200 Duration: 2.2517s
2025-12-30 19:22:45,628 - backend.main - INFO - Path: /api/products/categories Method: GET Status: 200 Duration: 0.0020s
2025-12-30 19:22:47,991 - backend.main - INFO - Path: /api/products/featured Method: GET Status: 200 Duration: 2.3629s
2025-12-30 19:22:47,992 - backend.main - INFO - Path: /api/products/categories Method: GET Status: 200 Duration: 0.0011s
